<?xml version="1.0" encoding="UTF-8"?>
<!-- Generated by org.testng.reporters.JUnitXMLReporter -->
<testsuite hostname="LAPTOP-V254GKE8" ignored="1" name="FirstTest" tests="4" failures="0" timestamp="18 May 2019 00:48:19 GMT" time="0.035" errors="0">
  <testcase name="demo" time="0.005" classname="PackTestng.Firsttestng"/>
  <testcase name="Electroniccctv" time="0.001" classname="PackTestng.Firsttestng2"/>
  <testcase name="Electronicspeaker" time="0.001" classname="PackTestng.Firsttestng2"/>
  <testcase name="Electronictv" time="0.001" classname="PackTestng.Firsttestng2"/>
  <testcase name="grocerymilk" time="0.0" classname="PackTestng.Firsttestng">
    <ignored/>
  </testcase> <!-- grocerymilk -->
</testsuite> <!-- FirstTest -->
