<?xml version="1.0" encoding="UTF-8"?>
<!-- Generated by org.testng.reporters.JUnitXMLReporter -->
<testsuite hostname="LAPTOP-V254GKE8" ignored="0" name="Test" tests="9" failures="0" timestamp="18 May 2019 00:17:20 GMT" time="0.061" errors="0">
  <testcase name="demo" time="0.01" classname="PackTestng.Firsttestng"/>
  <testcase name="grocerybread" time="0.002" classname="PackTestng.Firsttestng"/>
  <testcase name="grocerymilk" time="0.002" classname="PackTestng.Firsttestng"/>
  <testcase name="Electroniccctv" time="0.001" classname="PackTestng.Firsttestng2"/>
  <testcase name="Electronicspeaker" time="0.001" classname="PackTestng.Firsttestng2"/>
  <testcase name="Electronictv" time="0.001" classname="PackTestng.Firsttestng2"/>
  <testcase name="kitchenbowl" time="0.001" classname="PackTestng.Firsttestng3"/>
  <testcase name="kitchenplate" time="0.002" classname="PackTestng.Firsttestng3"/>
  <testcase name="kitchenspoon" time="0.002" classname="PackTestng.Firsttestng3"/>
</testsuite> <!-- Test -->
